        -:    0:Source:/home/ray/CLionProjects/Factory/main.cpp
        -:    0:Graph:/home/ray/CLionProjects/Factory/cmake-build-debug-coverage/CMakeFiles/Factory.dir/main.cpp.gcno
        -:    0:Data:/home/ray/CLionProjects/Factory/cmake-build-debug-coverage/CMakeFiles/Factory.dir/main.cpp.gcda
        -:    0:Runs:1
        -:    0:Programs:1
        -:    1:
        -:    2:#include <iostream>
        -:    3:
        -:    4:class Product {
        -:    5:public:
        -:    6:    virtual ~Product() {}
        -:    7:    virtual std::string Operation() const = 0;
        -:    8:};
        -:    9:
        1:   10:int main() {
        1:   10-block  0
        1:   11:    std::cout << "Hello TheRayCode.\n";
        1:   11-block  0
        1:   12:    return 0;
        4:   13:}
        1:   13-block  0
        1:   13-block  1
        1:   13-block  2
        1:   13-block  3
        1:   13-block  4
