        -:    0:Source:/home/ray/Desktop/TheRayCode/CPP/Decorator/ConcreteDecoratorB.h
        -:    0:Graph:/home/ray/Desktop/TheRayCode/CPP/Decorator/cmake-build-debug-coverage/CMakeFiles/Decorator.dir/main.cpp.gcno
        -:    0:Data:/home/ray/Desktop/TheRayCode/CPP/Decorator/cmake-build-debug-coverage/CMakeFiles/Decorator.dir/main.cpp.gcda
        -:    0:Runs:1
        -:    1:
        -:    2:#ifndef DECORATOR_CONCRETEDECORATORB_H
        -:    3:#define DECORATOR_CONCRETEDECORATORB_H
        -:    4:#include "Decorator.h"
        -:    5:
        -:    6:class ConcreteDecoratorB : public Decorator {
        -:    7:public:
        1:    8:    ConcreteDecoratorB(Component* component) : Decorator(component) {
        1:    8-block  0
        1:    9:    }
        -:   10:
        1:   11:    std::string Operation() const override {
        2:   12:        return "ConcreteDecoratorB(" + Decorator::Operation() + ")";
        1:   12-block  0
        1:   12-block  1
        1:   12-block  2
        1:   12-block  3
    $$$$$:   12-block  4
    $$$$$:   12-block  5
    $$$$$:   12-block  6
        -:   13:    }
        -:   14:};
        -:   15:
        -:   16:
        -:   17:#endif //DECORATOR_CONCRETEDECORATORB_H
