        -:    0:Source:/home/ray/Desktop/TheRayCode/CPP/Decorator/ConcreteComponent.h
        -:    0:Graph:/home/ray/Desktop/TheRayCode/CPP/Decorator/cmake-build-debug-coverage/CMakeFiles/Decorator.dir/main.cpp.gcno
        -:    0:Data:/home/ray/Desktop/TheRayCode/CPP/Decorator/cmake-build-debug-coverage/CMakeFiles/Decorator.dir/main.cpp.gcda
        -:    0:Runs:1
        -:    1://
        -:    2:// Created by ray on 8/25/20.
        -:    3://
        -:    4:
        -:    5:#ifndef DECORATOR_CONCRETECOMPONENT_H
        -:    6:#define DECORATOR_CONCRETECOMPONENT_H
        -:    7:
        -:    8:#include "Component.h"
        -:    9:
        -:   10:class ConcreteComponent : public Component {
        -:   11:public:
        2:   12:    std::string Operation() const override {
        2:   13:        return "ConcreteComponent";
        2:   13-block  0
        2:   13-block  1
        2:   13-block  2
    $$$$$:   13-block  3
        -:   14:    }
        -:   15:};
        -:   16:
        -:   17:
        -:   18:#endif //DECORATOR_CONCRETECOMPONENT_H
