        -:    0:Source:/home/ray/Desktop/TheRayCode/CPP/Decorator/Component.h
        -:    0:Graph:/home/ray/Desktop/TheRayCode/CPP/Decorator/cmake-build-debug-coverage/CMakeFiles/Decorator.dir/main.cpp.gcno
        -:    0:Data:/home/ray/Desktop/TheRayCode/CPP/Decorator/cmake-build-debug-coverage/CMakeFiles/Decorator.dir/main.cpp.gcda
        -:    0:Runs:1
        -:    1://
        -:    2:// Created by ray on 8/25/20.
        -:    3://
        -:    4:
        -:    5:#ifndef DECORATOR_COMPONENT_H
        -:    6:#define DECORATOR_COMPONENT_H
        -:    7:#include <iostream>
        -:    8:
        -:    9:class Component {
        -:   10:public:
       3*:   11:    virtual ~Component() {}
------------------
_ZN9ComponentD0Ev:
    #####:   11:    virtual ~Component() {}
    %%%%%:   11-block  0
------------------
_ZN9ComponentD2Ev:
        3:   11:    virtual ~Component() {}
------------------
        -:   12:    virtual std::string Operation() const = 0;
        -:   13:};
        -:   14:
        -:   15:
        -:   16:#endif //DECORATOR_COMPONENT_H
